** Drc report for LabIL1207.kicad_pcb **
** Created on 2026-04-18T12:31:26 **
** Report includes: Errors, Warnings **

** Found 12 DRC violations **
[clearance]: Clearance violation ( clearance 0.2000 mm; actual 0.1389 mm)
    Local override; error
    @(96.5000 mm, 87.5600 mm): Track [/VOUT] on F.Cu, length 3.8891 mm
    @(95.5000 mm, 85.0200 mm): PTH pad 3 [GND] of J3
[starved_thermal]: Thermal relief connection to zone incomplete (layer F.Cu; zone min spoke count 2; actual 1)
    Local override; error
    @(91.5000 mm, 56.5000 mm): Zone [GND] on F.Cu and B.Cu, priority 0
    @(101.4750 mm, 75.8750 mm): Pad 2 [GND] of U2 on F.Cu
[track_dangling]: Track has unconnected end
    Local override; warning
    @(96.5000 mm, 87.5600 mm): Track [/VOUT] on F.Cu, length 3.8891 mm
[track_dangling]: Track has unconnected end
    Local override; warning
    @(96.5000 mm, 79.9400 mm): Track [/RX] on F.Cu, length 5.2100 mm
[track_dangling]: Track has unconnected end
    Local override; warning
    @(96.5000 mm, 82.4800 mm): Track [/TX] on F.Cu, length 5.2100 mm
[silk_edge_clearance]: Silkscreen clipped by board edge
    Rule: board setup constraints silk; warning
    @(92.0000 mm, 64.0000 mm): Rectangle on Edge.Cuts
    @(127.6775 mm, 108.4750 mm): Segment of U1 on F.Silkscreen
[silk_edge_clearance]: Silkscreen clipped by board edge
    Rule: board setup constraints silk; warning
    @(92.0000 mm, 64.0000 mm): Rectangle on Edge.Cuts
    @(127.6775 mm, 108.4750 mm): Segment of U1 on F.Silkscreen
[silk_edge_clearance]: Silkscreen clipped by board edge
    Rule: board setup constraints silk; warning
    @(92.0000 mm, 64.0000 mm): Rectangle on Edge.Cuts
    @(109.4375 mm, 108.4750 mm): Segment of U1 on F.Silkscreen
[silk_overlap]: Silkscreen clearance
    Rule: board setup constraints silk; warning
    @(96.2500 mm, 77.8250 mm): Reference field of R4
    @(95.5000 mm, 77.5600 mm): Reference field of J3
[silk_overlap]: Silkscreen clearance
    Rule: board setup constraints silk; warning
    @(98.7500 mm, 77.8250 mm): Reference field of R3
    @(100.2500 mm, 77.5600 mm): Reference field of J1
[silk_over_copper]: Silkscreen clipped by solder mask
    Local override; warning
    @(95.5000 mm, 77.5600 mm): Reference field of J3
    @(96.2500 mm, 76.6500 mm): Pad 1 [Net-(U2-FB)] of R4 on F.Cu
[silk_over_copper]: Silkscreen clipped by solder mask
    Local override; warning
    @(100.7500 mm, 98.8750 mm): Reference field of U3
    @(100.0250 mm, 99.7500 mm): Pad 1 [Net-(U3-CPOUT)] of C5 on F.Cu

** Found 2 unconnected pads **
[unconnected_items]: Missing connection between items
    Local override; error
    @(95.5000 mm, 79.9400 mm): PTH pad 1 [/RX] of J3
    @(96.5000 mm, 79.9400 mm): Track [/RX] on F.Cu, length 5.2100 mm
[unconnected_items]: Missing connection between items
    Local override; error
    @(95.5000 mm, 82.4800 mm): PTH pad 2 [/TX] of J3
    @(96.5000 mm, 82.4800 mm): Track [/TX] on F.Cu, length 5.2100 mm

** Found 0 Footprint errors **

** Ignored checks **
    - Footprint has no courtyard defined
    - Track endpoint not centered on via
    - Tuning profile track geometries
    - Footprint doesn't match symbol's footprint filters
    - Footprint component type doesn't match footprint pads

** End of Report **
